\BOOKMARK [0][]{chapter.1}{Quark-Gluon Plasma}{}% 1
\BOOKMARK [1][]{section.1.1}{Quantum Chromodynamics}{chapter.1}% 2
\BOOKMARK [2][]{subsection.1.1.1}{The QCD Lagrangian}{section.1.1}% 3
\BOOKMARK [2][]{subsection.1.1.2}{Confinement and asymptotic freedom}{section.1.1}% 4
\BOOKMARK [1][]{section.1.2}{Deconfinement and QCD phase diagram}{chapter.1}% 5
\BOOKMARK [2][]{subsection.1.2.1}{M.I.T. Bag Model}{section.1.2}% 6
\BOOKMARK [2][]{subsection.1.2.2}{Lattice QCD}{section.1.2}% 7
\BOOKMARK [1][]{section.1.3}{Ultra-relativistic heavy-ion collisions}{chapter.1}% 8
\BOOKMARK [2][]{subsection.1.3.1}{Collision evolution}{section.1.3}% 9
\BOOKMARK [2][]{subsection.1.3.2}{The Glauber Model}{section.1.3}% 10
\BOOKMARK [1][]{section.1.4}{Experimental observables}{chapter.1}% 11
\BOOKMARK [2][]{subsection.1.4.1}{Soft probes}{section.1.4}% 12
\BOOKMARK [2][]{subsection.1.4.2}{Hard probes}{section.1.4}% 13
\BOOKMARK [0][]{chapter.2}{Open heavy-flavour physics}{}% 14
\BOOKMARK [1][]{section.2.1}{Heavy-quark production in pp collisions}{chapter.2}% 15
\BOOKMARK [1][]{section.2.2}{Heavy-quark production in p-A and A-A collisions}{chapter.2}% 16
\BOOKMARK [2][]{subsection.2.2.1}{Cold Nuclear Matter effects}{section.2.2}% 17
\BOOKMARK [2][]{subsection.2.2.2}{Hot Medium effects}{section.2.2}% 18
\BOOKMARK [0][]{chapter.3}{A Large Ion Collider Experiment}{}% 19
\BOOKMARK [1][]{section.3.1}{The Large Hadron Collider}{chapter.3}% 20
\BOOKMARK [1][]{section.3.2}{The ALICE detector}{chapter.3}% 21
\BOOKMARK [2][]{subsection.3.2.1}{Inner Tracking System \(ITS\)}{section.3.2}% 22
\BOOKMARK [2][]{subsection.3.2.2}{Time Projection Chamber \(TPC\)}{section.3.2}% 23
\BOOKMARK [2][]{subsection.3.2.3}{Time of Flight \(TOF\)}{section.3.2}% 24
\BOOKMARK [1][]{section.3.3}{ALICE trigger and data acquisition}{chapter.3}% 25
\BOOKMARK [2][]{subsection.3.3.1}{Central Trigger Processor}{section.3.3}% 26
\BOOKMARK [2][]{subsection.3.3.2}{Data AcQuisition System and High-Level Trigger}{section.3.3}% 27
\BOOKMARK [1][]{section.3.4}{ALICE performance}{chapter.3}% 28
\BOOKMARK [2][]{subsection.3.4.1}{Track and vertex reconstruction in the central barrel}{section.3.4}% 29
\BOOKMARK [2][]{subsection.3.4.2}{Particle IDentification \(PID\)}{section.3.4}% 30
\BOOKMARK [0][]{chapter.4}{Prompt D+-meson reconstruction strategy}{}% 31
\BOOKMARK [1][]{section.4.1}{D+ candidate reconstruction and selection}{chapter.4}% 32
\BOOKMARK [2][]{subsection.4.1.1}{p-Pb data sample and event selection}{section.4.1}% 33
\BOOKMARK [2][]{subsection.4.1.2}{Track selection}{section.4.1}% 34
\BOOKMARK [2][]{subsection.4.1.3}{D+ reconstruction in the fiducial acceptance region}{section.4.1}% 35
\BOOKMARK [2][]{subsection.4.1.4}{Topological selections}{section.4.1}% 36
\BOOKMARK [2][]{subsection.4.1.5}{Particle Identification}{section.4.1}% 37
\BOOKMARK [2][]{subsection.4.1.6}{Raw yield extraction}{section.4.1}% 38
\BOOKMARK [1][]{section.4.2}{Prompt and Feed-down D+}{chapter.4}% 39
\BOOKMARK [2][]{subsection.4.2.1}{Theory-driven methods for the D+ prompt fraction evaluation}{section.4.2}% 40
\BOOKMARK [1][]{section.4.3}{The Monte Carlo simulation}{chapter.4}% 41
\BOOKMARK [2][]{subsection.4.3.1}{Efficiency and Acceptance}{section.4.3}% 42
\BOOKMARK [1][]{section.4.4}{Results from the standard analysis}{chapter.4}% 43
\BOOKMARK [0][]{chapter.5}{Impact-parameter fit method for the prompt D+ fraction determination}{}% 44
\BOOKMARK [1][]{section.5.1}{Analysis strategy}{chapter.5}% 45
\BOOKMARK [1][]{section.5.2}{Prefit on the impact-parameter distributions}{chapter.5}% 46
\BOOKMARK [2][]{subsection.5.2.1}{MC impact-parameter distributions for prompt D+}{section.5.2}% 47
\BOOKMARK [2][]{subsection.5.2.2}{MC impact-parameter distributions for feed-down D+}{section.5.2}% 48
\BOOKMARK [2][]{subsection.5.2.3}{Impact-parameter distributions for the background}{section.5.2}% 49
\BOOKMARK [1][]{section.5.3}{Unbinned log-likelihood fits on data}{chapter.5}% 50
\BOOKMARK [2][]{subsection.5.3.1}{Binned vs. unbinned fit}{section.5.3}% 51
\BOOKMARK [2][]{subsection.5.3.2}{Impact-parameter fits}{section.5.3}% 52
\BOOKMARK [1][]{section.5.4}{Systematic uncertainties}{chapter.5}% 53
\BOOKMARK [2][]{subsection.5.4.1}{Systematic uncertainty due to the impact-parameter shapes}{section.5.4}% 54
\BOOKMARK [2][]{subsection.5.4.2}{Systematic uncertainty due to the assumed pT shape}{section.5.4}% 55
\BOOKMARK [2][]{subsection.5.4.3}{Systematic uncertainty induced by the uncertainty on the signal yield S}{section.5.4}% 56
\BOOKMARK [2][]{subsection.5.4.4}{Consistency of the fitting procedure}{section.5.4}% 57
\BOOKMARK [2][]{subsection.5.4.5}{Summary of the systematic uncertainties}{section.5.4}% 58
\BOOKMARK [1][]{section.5.5}{Results}{chapter.5}% 59
\BOOKMARK [1][]{section.5.6}{Perspective of an improved measurement with the upgraded ITS}{chapter.5}% 60
\BOOKMARK [0][]{chapter.6}{Data-driven cut-variation method for the D+ measurement}{}% 61
\BOOKMARK [1][]{section.6.1}{Cut-variation feed-down subtraction method}{chapter.6}% 62
\BOOKMARK [2][]{subsection.6.1.1}{Analytic minimisation}{section.6.1}% 63
\BOOKMARK [2][]{subsection.6.1.2}{Incentre minimisation}{section.6.1}% 64
\BOOKMARK [1][]{section.6.2}{Strategy for the selection of topological cuts}{chapter.6}% 65
\BOOKMARK [2][]{subsection.6.2.1}{Topological variables}{section.6.2}% 66
\BOOKMARK [2][]{subsection.6.2.2}{Sets of topological cuts}{section.6.2}% 67
\BOOKMARK [1][]{section.6.3}{Efficiency}{chapter.6}% 68
\BOOKMARK [1][]{section.6.4}{Raw yield extraction}{chapter.6}% 69
\BOOKMARK [1][]{section.6.5}{Systematic uncertainties}{chapter.6}% 70
\BOOKMARK [2][]{subsection.6.5.1}{Systematic uncertainty due to the selection efficiency}{section.6.5}% 71
\BOOKMARK [2][]{subsection.6.5.2}{Systematic uncertainty due to the raw yield extraction}{section.6.5}% 72
\BOOKMARK [2][]{subsection.6.5.3}{Systematic uncertainty due to the pT shape}{section.6.5}% 73
\BOOKMARK [1][]{section.6.6}{Results}{chapter.6}% 74
\BOOKMARK [0][]{chapter.7}{Prompt D+ reconstruction with the Kalman filter vertexing package}{}% 75
\BOOKMARK [1][]{section.7.1}{The Kalman filter algorithm}{chapter.7}% 76
\BOOKMARK [2][]{subsection.7.1.1}{Reconstruction of particle decays with the KFParticle package}{section.7.1}% 77
\BOOKMARK [2][]{subsection.7.1.2}{Fit constraints}{section.7.1}% 78
\BOOKMARK [1][]{section.7.2}{Reconstruction performances of the KFParticle package for prompt D+-mesons}{chapter.7}% 79
\BOOKMARK [2][]{subsection.7.2.1}{Prompt D+-mesons at the decay vertex}{section.7.2}% 80
\BOOKMARK [2][]{subsection.7.2.2}{Prompt D+-mesons at the production vertex}{section.7.2}% 81
\BOOKMARK [2][]{subsection.7.2.3}{Prompt D+-meson decay length}{section.7.2}% 82
\BOOKMARK [2][]{subsection.7.2.4}{Prompt D+-meson 2 and probability}{section.7.2}% 83
\BOOKMARK [2][]{subsection.7.2.5}{Primary vertex determination}{section.7.2}% 84
\BOOKMARK [1][]{section.7.3}{Prompt D+ production measurement with the KFParticle package}{chapter.7}% 85
\BOOKMARK [2][]{subsection.7.3.1}{Topological selections}{section.7.3}% 86
\BOOKMARK [2][]{subsection.7.3.2}{Tuning of the D+-meson 2/ndf selection}{section.7.3}% 87
\BOOKMARK [2][]{subsection.7.3.3}{Raw yield extraction}{section.7.3}% 88
\BOOKMARK [1][]{section.7.4}{Systematic uncertainties}{chapter.7}% 89
\BOOKMARK [2][]{subsection.7.4.1}{Systematic uncertainty due to the raw yield extraction}{section.7.4}% 90
\BOOKMARK [2][]{subsection.7.4.2}{Systematic uncertainty due to the topological selection efficiency}{section.7.4}% 91
\BOOKMARK [2][]{subsection.7.4.3}{Systematic uncertainty due to the PID efficiency}{section.7.4}% 92
\BOOKMARK [2][]{subsection.7.4.4}{Systematic uncertainty due to the generated pT shape}{section.7.4}% 93
\BOOKMARK [2][]{subsection.7.4.5}{Systematic uncertainty due to the feed-down D+-meson subtraction}{section.7.4}% 94
\BOOKMARK [1][]{section.7.5}{Results}{chapter.7}% 95
\BOOKMARK [0][]{chapter.8}{Conclusions}{}% 96
\BOOKMARK [0][]{appendix.A}{Additional figures}{}% 97
\BOOKMARK [1][]{section.A.1}{Fits to the MC impact-parameter distributions of prompt D+-mesons}{appendix.A}% 98
\BOOKMARK [1][]{section.A.2}{Fits to the MC true impact-parameter distributions of feed-down D+-mesons}{appendix.A}% 99
\BOOKMARK [1][]{section.A.3}{MC reconstructed impact-parameter distributions of feed-down D+-mesons}{appendix.A}% 100
\BOOKMARK [1][]{section.A.4}{Fits to the impact-parameter distributions of the combinatorial background}{appendix.A}% 101
\BOOKMARK [1][]{section.A.5}{Cut-variation analysis plots}{appendix.A}% 102
\BOOKMARK [2][]{subsection.A.5.1}{Mass fits prompt-enhanced set}{section.A.5}% 103
\BOOKMARK [2][]{subsection.A.5.2}{Mass fits mixed set}{section.A.5}% 104
\BOOKMARK [2][]{subsection.A.5.3}{Mass fits feed-down-enhanced set}{section.A.5}% 105
\BOOKMARK [2][]{subsection.A.5.4}{Incentre determination}{section.A.5}% 106
\BOOKMARK [1][]{section.A.6}{Kalman filter analysis mass fits}{appendix.A}% 107
\BOOKMARK [0][]{appendix*.44}{Bibliography}{}% 108
\BOOKMARK [0][]{appendix*.45}{Acknowledgements}{}% 109
