This is pdfTeX, Version 3.14159265-2.6-1.40.15 (TeX Live 2015/dev/Debian) (preloaded format=pdflatex 2015.4.26)  19 JUN 2015 18:51
entering extended mode
 restricted \write18 enabled.
 %&-line parsing enabled.
**thesis.tex
(./thesis.tex
LaTeX2e <2014/05/01>
Babel <3.9l> and hyphenation patterns for 79 languages loaded.
(./gsipaper.cls
Document Class: gsipaper 1999/09/01 1.0 LaTeX document class (wm).
\hours=\count79
\minutes=\count80
(/usr/share/texlive/texmf-dist/tex/latex/base/size10.clo
File: size10.clo 2014/09/29 v1.4h Standard LaTeX file (size option)
)
\beforetitlespace=\skip41
\c@part=\count81
\c@section=\count82
\c@subsection=\count83
\c@subsubsection=\count84
\c@paragraph=\count85
\c@subparagraph=\count86
\exampleindent=\skip42
\c@figure=\count87
\c@table=\count88
\abovecaptionskip=\skip43
\belowcaptionskip=\skip44
\bibindent=\dimen102
)
(/usr/share/texlive/texmf-dist/tex/latex/a4wide/a4wide.sty
Package: a4wide 1994/08/30

(/usr/share/texlive/texmf-dist/tex/latex/ntgclass/a4.sty
Package: a4 2004/04/15 v1.2g A4 based page layout
)) (./gsiindex.sty
Package: gsiindex 1995/09/28 v4.1beta Improved index support for gsipaper (dmj 
and J30)
\@indexbox=\insert233
\indexproofstyle=\toks14
)
(/usr/share/texlive/texmf-dist/tex/latex/psnfss/helvet.sty
Package: helvet 2005/04/12 PSNFSS-v9.2a (WaS) 

(/usr/share/texlive/texmf-dist/tex/latex/graphics/keyval.sty
Package: keyval 2014/05/08 v1.15 key=value parser (DPC)
\KV@toks@=\toks15
))
(/usr/share/texlive/texmf-dist/tex/generic/babel/babel.sty
Package: babel 2014/09/25 3.9l The Babel package

(/usr/share/texlive/texmf-dist/tex/generic/babel-english/english.ldf
Language: english 2012/08/20 v3.3p English support from the babel system

(/usr/share/texlive/texmf-dist/tex/generic/babel/babel.def
File: babel.def 2014/09/25 3.9l Babel common definitions
\babel@savecnt=\count89
\U@D=\dimen103
)
\l@canadian = a dialect from \language\l@american 
\l@australian = a dialect from \language\l@british 
\l@newzealand = a dialect from \language\l@british 
))
(/usr/share/texlive/texmf-dist/tex/latex/amsmath/amsmath.sty
Package: amsmath 2013/01/14 v2.14 AMS math features
\@mathmargin=\skip45

For additional information on amsmath, use the `?' option.
(/usr/share/texlive/texmf-dist/tex/latex/amsmath/amstext.sty
Package: amstext 2000/06/29 v2.01

(/usr/share/texlive/texmf-dist/tex/latex/amsmath/amsgen.sty
File: amsgen.sty 1999/11/30 v2.0
\@emptytoks=\toks16
\ex@=\dimen104
))
(/usr/share/texlive/texmf-dist/tex/latex/amsmath/amsbsy.sty
Package: amsbsy 1999/11/29 v1.2d
\pmbraise@=\dimen105
)
(/usr/share/texlive/texmf-dist/tex/latex/amsmath/amsopn.sty
Package: amsopn 1999/12/14 v2.01 operator names
)
\inf@bad=\count90
LaTeX Info: Redefining \frac on input line 210.
\uproot@=\count91
\leftroot@=\count92
LaTeX Info: Redefining \overline on input line 306.
\classnum@=\count93
\DOTSCASE@=\count94
LaTeX Info: Redefining \ldots on input line 378.
LaTeX Info: Redefining \dots on input line 381.
LaTeX Info: Redefining \cdots on input line 466.
\Mathstrutbox@=\box26
\strutbox@=\box27
\big@size=\dimen106
LaTeX Font Info:    Redeclaring font encoding OML on input line 566.
LaTeX Font Info:    Redeclaring font encoding OMS on input line 567.
\macc@depth=\count95
\c@MaxMatrixCols=\count96
\dotsspace@=\muskip10
\c@parentequation=\count97
\dspbrk@lvl=\count98
\tag@help=\toks17
\row@=\count99
\column@=\count100
\maxfields@=\count101
\andhelp@=\toks18
\eqnshift@=\dimen107
\alignsep@=\dimen108
\tagshift@=\dimen109
\tagwidth@=\dimen110
\totwidth@=\dimen111
\lineht@=\dimen112
\@envbody=\toks19
\multlinegap=\skip46
\multlinetaggap=\skip47
\mathdisplay@stack=\toks20
LaTeX Info: Redefining \[ on input line 2665.
LaTeX Info: Redefining \] on input line 2666.
)
(/usr/share/texlive/texmf-dist/tex/latex/amsfonts/amsfonts.sty
Package: amsfonts 2013/01/14 v3.01 Basic AMSFonts support
\symAMSa=\mathgroup4
\symAMSb=\mathgroup5
LaTeX Font Info:    Overwriting math alphabet `\mathfrak' in version `bold'
(Font)                  U/euf/m/n --> U/euf/b/n on input line 106.
)
(/usr/share/texlive/texmf-dist/tex/latex/amsfonts/amssymb.sty
Package: amssymb 2013/01/14 v3.01 AMS font symbols
)
(/usr/share/texlive/texmf-dist/tex/latex/tools/verbatim.sty
Package: verbatim 2014/10/28 v1.5q LaTeX2e package for verbatim enhancements
\every@verbatim=\toks21
\verbatim@line=\toks22
\verbatim@in@stream=\read1
)
(/usr/share/texlive/texmf-dist/tex/latex/float/float.sty
Package: float 2001/11/08 v1.3d Float enhancements (AL)
\c@float@type=\count102
\float@exts=\toks23
\float@box=\box28
\@float@everytoks=\toks24
\@floatcapt=\box29
)
(/usr/share/texlive/texmf-dist/tex/latex/graphics/graphicx.sty
Package: graphicx 2014/04/25 v1.0g Enhanced LaTeX Graphics (DPC,SPQR)

(/usr/share/texlive/texmf-dist/tex/latex/graphics/graphics.sty
Package: graphics 2009/02/05 v1.0o Standard LaTeX Graphics (DPC,SPQR)

(/usr/share/texlive/texmf-dist/tex/latex/graphics/trig.sty
Package: trig 1999/03/16 v1.09 sin cos tan (DPC)
)
(/usr/share/texlive/texmf-dist/tex/latex/latexconfig/graphics.cfg
File: graphics.cfg 2010/04/23 v1.9 graphics configuration of TeX Live
)
Package graphics Info: Driver file: pdftex.def on input line 91.

(/usr/share/texlive/texmf-dist/tex/latex/pdftex-def/pdftex.def
File: pdftex.def 2011/05/27 v0.06d Graphics/color for pdfTeX

(/usr/share/texlive/texmf-dist/tex/generic/oberdiek/infwarerr.sty
Package: infwarerr 2010/04/08 v1.3 Providing info/warning/error messages (HO)
)
(/usr/share/texlive/texmf-dist/tex/generic/oberdiek/ltxcmds.sty
Package: ltxcmds 2011/11/09 v1.22 LaTeX kernel commands for general use (HO)
)
\Gread@gobject=\count103
))
\Gin@req@height=\dimen113
\Gin@req@width=\dimen114
)
(/usr/share/texlive/texmf-dist/tex/latex/base/textcomp.sty
Package: textcomp 2005/09/27 v1.99g Standard LaTeX package
Package textcomp Info: Sub-encoding information:
(textcomp)               5 = only ISO-Adobe without \textcurrency
(textcomp)               4 = 5 + \texteuro
(textcomp)               3 = 4 + \textohm
(textcomp)               2 = 3 + \textestimated + \textcurrency
(textcomp)               1 = TS1 - \textcircled - \t
(textcomp)               0 = TS1 (full)
(textcomp)             Font families with sub-encoding setting implement
(textcomp)             only a restricted character set as indicated.
(textcomp)             Family '?' is the default used for unknown fonts.
(textcomp)             See the documentation for details.
Package textcomp Info: Setting ? sub-encoding to TS1/1 on input line 71.

(/usr/share/texlive/texmf-dist/tex/latex/base/ts1enc.def
File: ts1enc.def 2001/06/05 v3.0e (jk/car/fm) Standard LaTeX file
)
LaTeX Info: Redefining \oldstylenums on input line 266.
Package textcomp Info: Setting cmr sub-encoding to TS1/0 on input line 281.
Package textcomp Info: Setting cmss sub-encoding to TS1/0 on input line 282.
Package textcomp Info: Setting cmtt sub-encoding to TS1/0 on input line 283.
Package textcomp Info: Setting cmvtt sub-encoding to TS1/0 on input line 284.
Package textcomp Info: Setting cmbr sub-encoding to TS1/0 on input line 285.
Package textcomp Info: Setting cmtl sub-encoding to TS1/0 on input line 286.
Package textcomp Info: Setting ccr sub-encoding to TS1/0 on input line 287.
Package textcomp Info: Setting ptm sub-encoding to TS1/4 on input line 288.
Package textcomp Info: Setting pcr sub-encoding to TS1/4 on input line 289.
Package textcomp Info: Setting phv sub-encoding to TS1/4 on input line 290.
Package textcomp Info: Setting ppl sub-encoding to TS1/3 on input line 291.
Package textcomp Info: Setting pag sub-encoding to TS1/4 on input line 292.
Package textcomp Info: Setting pbk sub-encoding to TS1/4 on input line 293.
Package textcomp Info: Setting pnc sub-encoding to TS1/4 on input line 294.
Package textcomp Info: Setting pzc sub-encoding to TS1/4 on input line 295.
Package textcomp Info: Setting bch sub-encoding to TS1/4 on input line 296.
Package textcomp Info: Setting put sub-encoding to TS1/5 on input line 297.
Package textcomp Info: Setting uag sub-encoding to TS1/5 on input line 298.
Package textcomp Info: Setting ugq sub-encoding to TS1/5 on input line 299.
Package textcomp Info: Setting ul8 sub-encoding to TS1/4 on input line 300.
Package textcomp Info: Setting ul9 sub-encoding to TS1/4 on input line 301.
Package textcomp Info: Setting augie sub-encoding to TS1/5 on input line 302.
Package textcomp Info: Setting dayrom sub-encoding to TS1/3 on input line 303.
Package textcomp Info: Setting dayroms sub-encoding to TS1/3 on input line 304.

Package textcomp Info: Setting pxr sub-encoding to TS1/0 on input line 305.
Package textcomp Info: Setting pxss sub-encoding to TS1/0 on input line 306.
Package textcomp Info: Setting pxtt sub-encoding to TS1/0 on input line 307.
Package textcomp Info: Setting txr sub-encoding to TS1/0 on input line 308.
Package textcomp Info: Setting txss sub-encoding to TS1/0 on input line 309.
Package textcomp Info: Setting txtt sub-encoding to TS1/0 on input line 310.
Package textcomp Info: Setting lmr sub-encoding to TS1/0 on input line 311.
Package textcomp Info: Setting lmdh sub-encoding to TS1/0 on input line 312.
Package textcomp Info: Setting lmss sub-encoding to TS1/0 on input line 313.
Package textcomp Info: Setting lmssq sub-encoding to TS1/0 on input line 314.
Package textcomp Info: Setting lmvtt sub-encoding to TS1/0 on input line 315.
Package textcomp Info: Setting qhv sub-encoding to TS1/0 on input line 316.
Package textcomp Info: Setting qag sub-encoding to TS1/0 on input line 317.
Package textcomp Info: Setting qbk sub-encoding to TS1/0 on input line 318.
Package textcomp Info: Setting qcr sub-encoding to TS1/0 on input line 319.
Package textcomp Info: Setting qcs sub-encoding to TS1/0 on input line 320.
Package textcomp Info: Setting qpl sub-encoding to TS1/0 on input line 321.
Package textcomp Info: Setting qtm sub-encoding to TS1/0 on input line 322.
Package textcomp Info: Setting qzc sub-encoding to TS1/0 on input line 323.
Package textcomp Info: Setting qhvc sub-encoding to TS1/0 on input line 324.
Package textcomp Info: Setting futs sub-encoding to TS1/4 on input line 325.
Package textcomp Info: Setting futx sub-encoding to TS1/4 on input line 326.
Package textcomp Info: Setting futj sub-encoding to TS1/4 on input line 327.
Package textcomp Info: Setting hlh sub-encoding to TS1/3 on input line 328.
Package textcomp Info: Setting hls sub-encoding to TS1/3 on input line 329.
Package textcomp Info: Setting hlst sub-encoding to TS1/3 on input line 330.
Package textcomp Info: Setting hlct sub-encoding to TS1/5 on input line 331.
Package textcomp Info: Setting hlx sub-encoding to TS1/5 on input line 332.
Package textcomp Info: Setting hlce sub-encoding to TS1/5 on input line 333.
Package textcomp Info: Setting hlcn sub-encoding to TS1/5 on input line 334.
Package textcomp Info: Setting hlcw sub-encoding to TS1/5 on input line 335.
Package textcomp Info: Setting hlcf sub-encoding to TS1/5 on input line 336.
Package textcomp Info: Setting pplx sub-encoding to TS1/3 on input line 337.
Package textcomp Info: Setting pplj sub-encoding to TS1/3 on input line 338.
Package textcomp Info: Setting ptmx sub-encoding to TS1/4 on input line 339.
Package textcomp Info: Setting ptmj sub-encoding to TS1/4 on input line 340.
)
(/usr/share/texlive/texmf-dist/tex/latex/subfigure/subfigure.sty
Package: subfigure 2002/03/15 v2.1.5 subfigure package
\subfigtopskip=\skip48
\subfigcapskip=\skip49
\subfigcaptopadj=\dimen115
\subfigbottomskip=\skip50
\subfigcapmargin=\dimen116
\subfiglabelskip=\skip51
\c@subfigure=\count104
\c@lofdepth=\count105
\c@subtable=\count106
\c@lotdepth=\count107

****************************************
* Local config file subfigure.cfg used *
****************************************
(/usr/share/texlive/texmf-dist/tex/latex/subfigure/subfigure.cfg)
\subfig@top=\skip52
\subfig@bottom=\skip53
)
(/usr/share/texlive/texmf-dist/tex/generic/ulem/ulem.sty
\UL@box=\box30
\UL@hyphenbox=\box31
\UL@skip=\skip54
\UL@hook=\toks25
\UL@height=\dimen117
\UL@pe=\count108
\UL@pixel=\dimen118
\ULC@box=\box32
Package: ulem 2012/05/18
\ULdepth=\dimen119
)
(/usr/share/texlive/texmf-dist/tex/latex/soul/soul.sty
Package: soul 2003/11/17 v2.4 letterspacing/underlining (mf)
\SOUL@word=\toks26
\SOUL@lasttoken=\toks27
\SOUL@cmds=\toks28
\SOUL@buffer=\toks29
\SOUL@token=\toks30
\SOUL@spaceskip=\skip55
\SOUL@ttwidth=\dimen120
\SOUL@uldp=\dimen121
\SOUL@ulht=\dimen122
)
(/usr/share/texlive/texmf-dist/tex/latex/mdwtools/footnote.sty
Package: footnote 1997/01/28 1.13 Save footnotes around boxes
\fn@notes=\box33
\fn@width=\dimen123
)
(/usr/share/texlive/texmf-dist/tex/latex/cool/cool.sty
Package: cool 2006/12/29 v1.35 COntent Oriented LaTeX

(/usr/share/texlive/texmf-dist/tex/latex/base/ifthen.sty
Package: ifthen 2014/09/29 v1.1c Standard LaTeX ifthen package (DPC)
)
(/usr/share/texlive/texmf-dist/tex/latex/coollist/coollist.sty
Package: coollist 2009/09/20 v1.4 COntent Oriented LaTeX Lists

(/usr/share/texlive/texmf-dist/tex/latex/coolstr/coolstr.sty
Package: coolstr 2009/09/09 v2.2 COntent Oriented LaTeX Strings
\c@COOL@strlen=\count109
\c@COOL@strpointer=\count110
\c@COOL@str@index=\count111
\c@COOL@str@start=\count112
\c@COOL@str@end=\count113
)
(/usr/share/texlive/texmf-dist/tex/latex/forloop/forloop.sty
Package: forloop 2006/09/18 v3.0 For Loops for LaTeX
)
\c@COOL@listlen=\count114
\c@COOL@listpointer=\count115
\c@COOL@intsum=\count116
\c@COOL@register@ct=\count117
\c@COOL@register@len=\count118
)
(/usr/share/texlive/texmf-dist/tex/latex/bbm-macros/bbm.sty
Package: bbm 1999/03/15 V 1.2 provides fonts for set symbols - TH
LaTeX Font Info:    Overwriting math alphabet `\mathbbm' in version `bold'
(Font)                  U/bbm/m/n --> U/bbm/bx/n on input line 33.
LaTeX Font Info:    Overwriting math alphabet `\mathbbmss' in version `bold'
(Font)                  U/bbmss/m/n --> U/bbmss/bx/n on input line 35.
)
\c@COOL@ct=\count119
\c@COOL@ct@=\count120
\c@COOL@multideriv=\count121
\c@COOL@row=\count122
\c@COOL@col=\count123
)
(/usr/share/texlive/texmf-dist/tex/latex/eulervm/eulervm.sty
Package: eulervm 2005/01/11 v4.0 (WaS)
) (./thesis.aux

LaTeX Warning: Label `kroll_wada' multiply defined.


LaTeX Warning: Label `LSUS' multiply defined.

)
\openout1 = `thesis.aux'.

LaTeX Font Info:    Checking defaults for OML/cmm/m/it on input line 17.
LaTeX Font Info:    ... okay on input line 17.
LaTeX Font Info:    Checking defaults for T1/cmr/m/n on input line 17.
LaTeX Font Info:    ... okay on input line 17.
LaTeX Font Info:    Checking defaults for OT1/cmr/m/n on input line 17.
LaTeX Font Info:    ... okay on input line 17.
LaTeX Font Info:    Checking defaults for OMS/cmsy/m/n on input line 17.
LaTeX Font Info:    ... okay on input line 17.
LaTeX Font Info:    Checking defaults for OMX/cmex/m/n on input line 17.
LaTeX Font Info:    ... okay on input line 17.
LaTeX Font Info:    Checking defaults for U/cmr/m/n on input line 17.
LaTeX Font Info:    ... okay on input line 17.
LaTeX Font Info:    Checking defaults for TS1/cmr/m/n on input line 17.
LaTeX Font Info:    Try loading font information for TS1+cmr on input line 17.
 (/usr/share/texlive/texmf-dist/tex/latex/base/ts1cmr.fd
File: ts1cmr.fd 2014/09/29 v2.5h Standard LaTeX font definitions
)
LaTeX Font Info:    ... okay on input line 17.

(/usr/share/texlive/texmf-dist/tex/context/base/supp-pdf.mkii
[Loading MPS to PDF converter (version 2006.09.02).]
\scratchcounter=\count124
\scratchdimen=\dimen124
\scratchbox=\box34
\nofMPsegments=\count125
\nofMParguments=\count126
\everyMPshowfont=\toks31
\MPscratchCnt=\count127
\MPscratchDim=\dimen125
\MPnumerator=\count128
\makeMPintoPDFobject=\count129
\everyMPtoPDFconversion=\toks32
) (/usr/share/texlive/texmf-dist/tex/generic/oberdiek/pdftexcmds.sty
Package: pdftexcmds 2011/11/29 v0.20 Utility functions of pdfTeX for LuaTeX (HO
)

(/usr/share/texlive/texmf-dist/tex/generic/oberdiek/ifluatex.sty
Package: ifluatex 2010/03/01 v1.3 Provides the ifluatex switch (HO)
Package ifluatex Info: LuaTeX not detected.
)
(/usr/share/texlive/texmf-dist/tex/generic/oberdiek/ifpdf.sty
Package: ifpdf 2011/01/30 v2.3 Provides the ifpdf switch (HO)
Package ifpdf Info: pdfTeX in PDF mode is detected.
)
Package pdftexcmds Info: LuaTeX not detected.
Package pdftexcmds Info: \pdf@primitive is available.
Package pdftexcmds Info: \pdf@ifprimitive is available.
Package pdftexcmds Info: \pdfdraftmode found.
)
(/usr/share/texlive/texmf-dist/tex/latex/oberdiek/epstopdf-base.sty
Package: epstopdf-base 2010/02/09 v2.5 Base part for package epstopdf

(/usr/share/texlive/texmf-dist/tex/latex/oberdiek/grfext.sty
Package: grfext 2010/08/19 v1.1 Manage graphics extensions (HO)

(/usr/share/texlive/texmf-dist/tex/generic/oberdiek/kvdefinekeys.sty
Package: kvdefinekeys 2011/04/07 v1.3 Define keys (HO)
))
(/usr/share/texlive/texmf-dist/tex/latex/oberdiek/kvoptions.sty
Package: kvoptions 2011/06/30 v3.11 Key value format for package options (HO)

(/usr/share/texlive/texmf-dist/tex/generic/oberdiek/kvsetkeys.sty
Package: kvsetkeys 2012/04/25 v1.16 Key value parser (HO)

(/usr/share/texlive/texmf-dist/tex/generic/oberdiek/etexcmds.sty
Package: etexcmds 2011/02/16 v1.5 Avoid name clashes with e-TeX commands (HO)
Package etexcmds Info: Could not find \expanded.
(etexcmds)             That can mean that you are not using pdfTeX 1.50 or
(etexcmds)             that some package has redefined \expanded.
(etexcmds)             In the latter case, load this package earlier.
)))
Package grfext Info: Graphics extension search list:
(grfext)             [.png,.pdf,.jpg,.mps,.jpeg,.jbig2,.jb2,.PNG,.PDF,.JPG,.JPE
G,.JBIG2,.JB2,.eps]
(grfext)             \AppendGraphicsExtensions on input line 452.

(/usr/share/texlive/texmf-dist/tex/latex/latexconfig/epstopdf-sys.cfg
File: epstopdf-sys.cfg 2010/07/13 v1.3 Configuration of (r)epstopdf for TeX Liv
e
))
LaTeX Font Info:    Try loading font information for OT1+phv on input line 37.

(/usr/share/texlive/texmf-dist/tex/latex/psnfss/ot1phv.fd
File: ot1phv.fd 2001/06/04 scalable font definitions for OT1/phv.
)
LaTeX Font Info:    Font shape `OT1/phv/bx/n' in size <17.28> not available
(Font)              Font shape `OT1/phv/b/n' tried instead on input line 37.
LaTeX Font Info:    Try loading font information for U+zeur on input line 37.

(/usr/share/texlive/texmf-dist/tex/latex/eulervm/uzeur.fd
File: uzeur.fd 2005/01/11 v4.0 (WaS)
)
LaTeX Font Info:    Try loading font information for U+zeus on input line 37.

(/usr/share/texlive/texmf-dist/tex/latex/eulervm/uzeus.fd
File: uzeus.fd 2005/01/11 v4.0 (WaS)
)
LaTeX Font Info:    Try loading font information for U+zeuex on input line 37.

(/usr/share/texlive/texmf-dist/tex/latex/eulervm/uzeuex.fd
File: uzeuex.fd 2005/01/11 v4.0 (WaS)
)
Missing character: There is no ‚ in font cmti10!
Missing character: There is no Ä in font cmti10!
Missing character: There is no ù in font cmti10!
Missing character: There is no ‚ in font cmti10!
Missing character: There is no Ä in font cmti10!
Missing character: There is no ù in font cmti10!
Missing character: There is no ‚ in font cmti10!
Missing character: There is no Ä in font cmti10!
Missing character: There is no ù in font cmti10!
Missing character: There is no ‚ in font cmti10!
Missing character: There is no Ä in font cmti10!
Missing character: There is no ù in font cmti10!
LaTeX Font Info:    Font shape `OT1/phv/bx/n' in size <12> not available
(Font)              Font shape `OT1/phv/b/n' tried instead on input line 39.

<QCD_phase_diagram.jpg, id=1, 547.01927pt x 368.9883pt>
File: QCD_phase_diagram.jpg Graphic file (type jpg)

<use QCD_phase_diagram.jpg>
Package pdftex.def Info: QCD_phase_diagram.jpg used on input line 46.
(pdftex.def)             Requested size: 218.80382pt x 147.5927pt.

Underfull \hbox (badness 1112) in paragraph at lines 52--55
\OT1/cmr/m/n/10 tem-per-a-ture or baryo-chemical po-ten-tial $\U/zeur/m/n/10 ^^
V[]$
 []


Underfull \hbox (badness 10000) in paragraph at lines 52--55

 []


Underfull \vbox (badness 3312) has occurred while \output is active []


Underfull \vbox (badness 10000) has occurred while \output is active []

 [1

{/var/lib/texmf/fonts/map/pdftex/updmap/pdftex.map}


 <./QCD_phase_diagram.jpg>]
Underfull \hbox (badness 10000) in paragraph at lines 65--69

 []


Underfull \hbox (badness 10000) in paragraph at lines 70--76

 []


<2013-Jan-03-inclusive_versus_cocktail_combined_mult.png, id=23, 1927.2pt x 261
1.7575pt>
File: 2013-Jan-03-inclusive_versus_cocktail_combined_mult.png Graphic file (typ
e png)
 <use 2013-Jan-03-inclusive_versus_cocktail_combined_mult.png>
Package pdftex.def Info: 2013-Jan-03-inclusive_versus_cocktail_combined_mult.pn
g used on input line 79.
(pdftex.def)             Requested size: 231.25403pt x 313.39738pt.

Overfull \hbox (23.9609pt too wide) in paragraph at lines 79--81
 [] 
 []


Underfull \hbox (badness 10000) in paragraph at lines 88--92

 []


Underfull \vbox (badness 3058) has occurred while \output is active []


Underfull \hbox (badness 10000) in paragraph at lines 101--102
[]\OT1/cmr/bx/n/10 ALICE \OT1/cmr/m/n/10 (\OT1/cmr/bx/n/10 A L\OT1/cmr/m/n/10 a
rge \OT1/cmr/bx/n/10 I\OT1/cmr/m/n/10 on \OT1/cmr/bx/n/10 C\OT1/cmr/m/n/10 olli
der
 []


Underfull \hbox (badness 1072) in paragraph at lines 107--110
[]\OT1/cmr/m/n/10 The AL-ICE de-tec-tor, which is shown in
 []


Underfull \hbox (badness 10000) in paragraph at lines 107--110

 []

<ALICE_detector.jpg, id=25, 392.96812pt x 286.06876pt>
File: ALICE_detector.jpg Graphic file (type jpg)

<use ALICE_detector.jpg>
Package pdftex.def Info: ALICE_detector.jpg used on input line 113.
(pdftex.def)             Requested size: 432.26625pt x 314.6766pt.

Overfull \hbox (7.68001pt too wide) in paragraph at lines 113--114
 [] 
 []

[2 <./2013-Jan-03-inclusive_versus_cocktail_combined_mult.png>]
Underfull \hbox (badness 1082) in paragraph at lines 119--130
[]\OT1/cmr/m/n/10 ALICE is com-posed by sev-eral sub-de-tec-
 []


Underfull \hbox (badness 1033) in paragraph at lines 119--130
\OT1/cmr/m/n/10 in the cen-tral bar-rel (Fig.4[]) are the \OT1/cmr/bx/n/10 I\OT
1/cmr/m/n/10 nner
 []


Underfull \hbox (badness 3758) in paragraph at lines 119--130
\OT1/cmr/m/n/10 tor (TOF) and the \OT1/cmr/bx/n/10 T\OT1/cmr/m/n/10 ransition \
OT1/cmr/bx/n/10 R\OT1/cmr/m/n/10 adiation
 []


Underfull \vbox (badness 10000) has occurred while \output is active []


<ITS_TPC.jpg, id=33, 641.39626pt x 702.625pt>
File: ITS_TPC.jpg Graphic file (type jpg)
 <use ITS_TPC.jpg>
Package pdftex.def Info: ITS_TPC.jpg used on input line 135.
(pdftex.def)             Requested size: 160.34866pt x 175.6558pt.
 [3 <./ALICE_detector.jpg> <./ITS_TPC.jpg>]
Underfull \hbox (badness 10000) in paragraph at lines 156--159

 []

<incl-ass.pdf, id=37, 569.12625pt x 414.54875pt>
File: incl-ass.pdf Graphic file (type pdf)
 <use incl-ass.pdf>
Package pdftex.def Info: incl-ass.pdf used on input line 163.
(pdftex.def)             Requested size: 239.03139pt x 174.10928pt.

Overfull \hbox (17.5119pt too wide) in paragraph at lines 163--164
 [] 
 []

<ptmee2.pdf, id=38, 569.12625pt x 311.1625pt>
File: ptmee2.pdf Graphic file (type pdf)
 <use ptmee2.pdf>
Package pdftex.def Info: ptmee2.pdf used on input line 270.
(pdftex.def)             Requested size: 455.30162pt x 248.93034pt.

Overfull \hbox (16.48901pt too wide) in paragraph at lines 270--272
 [] 
 []

[4 <./incl-ass.pdf, page is rotated 90 degrees>]
Underfull \hbox (badness 10000) in paragraph at lines 289--291

 []

<sources2.pdf, id=92, 569.12625pt x 311.1625pt>
File: sources2.pdf Graphic file (type pdf)
 <use sources2.pdf>
Package pdftex.def Info: sources2.pdf used on input line 305.
(pdftex.def)             Requested size: 455.30162pt x 248.93034pt.

Overfull \hbox (16.48901pt too wide) in paragraph at lines 305--307
 [] 
 []

[5 <./ptmee2.pdf, page is rotated 90 degrees>]
Underfull \hbox (badness 10000) in paragraph at lines 346--348

 []


Overfull \hbox (12.4809pt too wide) detected at line 361
[] \U/zeus/m/n/10 Ω \U/zeur/m/n/10 N[] \U/zeus/m/n/10 ^^A \U/zeur/m/n/10 e[] \U
/zeus/m/n/10 ´ \U/zeur/m/n/10 ^^B\U/zeus/m/n/10 ®\U/zeur/m/n/10 m[] \U/zeus/m/n
/10 ^^@ \U/zeur/m/n/10 M[]\U/zeus/m/n/10 ©\U/zeur/m/n/10 e[]
 []


Underfull \hbox (badness 10000) in paragraph at lines 364--366

 []


Underfull \hbox (badness 10000) in paragraph at lines 367--371

 []

<gamma_temp.pdf, id=139, 569.12625pt x 414.54875pt>
File: gamma_temp.pdf Graphic file (type pdf)
 <use gamma_temp.pdf>
Package pdftex.def Info: gamma_temp.pdf used on input line 375.
(pdftex.def)             Requested size: 227.64647pt x 165.81656pt.

Overfull \hbox (6.12698pt too wide) in paragraph at lines 375--376
 [] 
 []

[6 <./sources2.pdf, page is rotated 90 degrees>]
<dalitz_temp.pdf, id=189, 569.12625pt x 414.54875pt>
File: dalitz_temp.pdf Graphic file (type pdf)
 <use dalitz_temp.pdf>
Package pdftex.def Info: dalitz_temp.pdf used on input line 422.
(pdftex.def)             Requested size: 227.64647pt x 165.81656pt.

Overfull \hbox (6.12698pt too wide) in paragraph at lines 422--423
 [] 
 []

<Inv_mass_ESD.pdf, id=190, 569.12625pt x 414.54875pt>
File: Inv_mass_ESD.pdf Graphic file (type pdf)
 <use Inv_mass_ESD.pdf>
Package pdftex.def Info: Inv_mass_ESD.pdf used on input line 445.
(pdftex.def)             Requested size: 398.38567pt x 290.18214pt.

Underfull \hbox (badness 10000) in paragraph at lines 453--454

 []

[7 <./gamma_temp.pdf, page is rotated 90 degrees> <./dalitz_temp.pdf, page is r
otated 90 degrees>] <like-unlike_norm.pdf, id=283, 569.12625pt x 414.54875pt>
File: like-unlike_norm.pdf Graphic file (type pdf)

<use like-unlike_norm.pdf>
Package pdftex.def Info: like-unlike_norm.pdf used on input line 502.
(pdftex.def)             Requested size: 398.38567pt x 290.18214pt.

Underfull \hbox (badness 1072) in paragraph at lines 507--513
\OT1/cmr/m/n/10 Therefore ev-ery "in-clu-sive" $\U/zeur/m/n/10 e[]$ \OT1/cmr/m/
n/10 is com-bined
 []


Underfull \hbox (badness 1852) in paragraph at lines 507--513
\OT1/cmr/m/n/10 unlike-sign dis-tri-bu-tion, that con-tains both
 []


Underfull \hbox (badness 1454) in paragraph at lines 507--513
\OT1/cmr/m/n/10 the pho-tonic sig-nal, and the com-bi-na-to-rial
 []


Underfull \hbox (badness 1062) in paragraph at lines 507--513
\OT1/cmr/m/n/10 Then ev-ery "in-clu-sive" $\U/zeur/m/n/10 e[]$ \OT1/cmr/m/n/10 
is paired to an
 []


Underfull \hbox (badness 10000) in paragraph at lines 507--513

 []

[8 <./Inv_mass_ESD.pdf, page is rotated 90 degrees>]
<USLS_ratio.pdf, id=330, 569.12625pt x 414.54875pt>
File: USLS_ratio.pdf Graphic file (type pdf)
 <use USLS_ratio.pdf>
Package pdftex.def Info: USLS_ratio.pdf used on input line 516.
(pdftex.def)             Requested size: 227.64647pt x 165.81656pt.

Overfull \hbox (20.35335pt too wide) in paragraph at lines 516--517
 [] 
 []


Underfull \hbox (badness 10000) in paragraph at lines 521--524

 []


Underfull \vbox (badness 1137) has occurred while \output is active []


Underfull \hbox (badness 1436) in paragraph at lines 525--529
\OT1/cmr/m/n/10 of the like-sign dis-tri-bu-tion has been then
 []


Underfull \hbox (badness 10000) in paragraph at lines 525--529

 []

<esd_comb.pdf, id=331, 569.12625pt x 414.54875pt>
File: esd_comb.pdf Graphic file (type pdf)
 <use esd_comb.pdf>
Package pdftex.def Info: esd_comb.pdf used on input line 534.
(pdftex.def)             Requested size: 398.38567pt x 290.18214pt.
 [9 <./like-unlike_norm.pdf, page is rotated 90 degrees> <./USLS_ratio.pdf, pag
e is rotated 90 degrees>]
Underfull \hbox (badness 1184) in paragraph at lines 575--583
\OT1/cmr/m/n/10 and all the con-tributes from Dalitz de-cays
 []


Underfull \hbox (badness 10000) in paragraph at lines 575--583

 []


Underfull \vbox (badness 10000) has occurred while \output is active []


Underfull \vbox (badness 3872) has occurred while \output is active []

 [10 <./esd_comb.pdf, page is rotated 90 degrees>]
Underfull \hbox (badness 5403) in paragraph at lines 607--613
[]\OT1/cmr/m/n/10 B. Abelev \OT1/cmr/m/it/10 et al. \OT1/cmr/m/n/10 [AL-ICE Col
-lab-o-ra-
 []


Underfull \hbox (badness 1087) in paragraph at lines 607--613
\OT1/cmr/m/n/10 tion], Phys. Rev. D \OT1/cmr/bx/n/10 86 \OT1/cmr/m/n/10 (2012) 
112007
 []

[11

] (./thesis.aux)

LaTeX Warning: There were multiply-defined labels.

 ) 
Here is how much of TeX's memory you used:
 5210 strings out of 493105
 72215 string characters out of 6137072
 163097 words of memory out of 5000000
 8481 multiletter control sequences out of 15000+600000
 41111 words of font info for 127 fonts, out of 8000000 for 9000
 1141 hyphenation exceptions out of 8191
 38i,19n,24p,550b,287s stack positions out of 5000i,500n,10000p,200000b,80000s
{/usr/share/texmf/fonts/enc/dvips/cm-super/cm-super-ts1.enc}{/usr/share/texli
ve/texmf-dist/fonts/enc/dvips/base/8r.enc}</usr/share/texlive/texmf-dist/fonts/
type1/public/amsfonts/cm/cmbx10.pfb></usr/share/texlive/texmf-dist/fonts/type1/
public/amsfonts/cm/cmbx8.pfb></usr/share/texlive/texmf-dist/fonts/type1/public/
amsfonts/cm/cmex10.pfb></usr/share/texlive/texmf-dist/fonts/type1/public/amsfon
ts/cm/cmmi10.pfb></usr/share/texlive/texmf-dist/fonts/type1/public/amsfonts/cm/
cmr10.pfb></usr/share/texlive/texmf-dist/fonts/type1/public/amsfonts/cm/cmr12.p
fb></usr/share/texlive/texmf-dist/fonts/type1/public/amsfonts/cm/cmr5.pfb></usr
/share/texlive/texmf-dist/fonts/type1/public/amsfonts/cm/cmr6.pfb></usr/share/t
exlive/texmf-dist/fonts/type1/public/amsfonts/cm/cmr7.pfb></usr/share/texlive/t
exmf-dist/fonts/type1/public/amsfonts/cm/cmr8.pfb></usr/share/texlive/texmf-dis
t/fonts/type1/public/amsfonts/cm/cmr9.pfb></usr/share/texlive/texmf-dist/fonts/
type1/public/amsfonts/cm/cmsy10.pfb></usr/share/texlive/texmf-dist/fonts/type1/
public/amsfonts/cm/cmsy7.pfb></usr/share/texlive/texmf-dist/fonts/type1/public/
amsfonts/cm/cmti10.pfb></usr/share/texlive/texmf-dist/fonts/type1/public/amsfon
ts/cm/cmti12.pfb></usr/share/texlive/texmf-dist/fonts/type1/public/amsfonts/cm/
cmti9.pfb></usr/share/texlive/texmf-dist/fonts/type1/public/amsfonts/euler/euex
10.pfb></usr/share/texlive/texmf-dist/fonts/type1/public/amsfonts/euler/eufm10.
pfb></usr/share/texlive/texmf-dist/fonts/type1/public/amsfonts/euler/eufm5.pfb>
</usr/share/texlive/texmf-dist/fonts/type1/public/amsfonts/euler/eufm7.pfb></us
r/share/texlive/texmf-dist/fonts/type1/public/amsfonts/euler/eurb10.pfb></usr/s
hare/texlive/texmf-dist/fonts/type1/public/amsfonts/euler/eurb7.pfb></usr/share
/texlive/texmf-dist/fonts/type1/public/amsfonts/euler/eurm10.pfb></usr/share/te
xlive/texmf-dist/fonts/type1/public/amsfonts/euler/eurm5.pfb></usr/share/texliv
e/texmf-dist/fonts/type1/public/amsfonts/euler/eurm7.pfb></usr/share/texlive/te
xmf-dist/fonts/type1/public/amsfonts/euler/eusm10.pfb></usr/share/texlive/texmf
-dist/fonts/type1/public/amsfonts/symbols/msam10.pfb></usr/share/texmf/fonts/ty
pe1/public/cm-super/sfrm1000.pfb></usr/share/texlive/texmf-dist/fonts/type1/urw
/helvetic/uhvb8a.pfb></usr/share/texlive/texmf-dist/fonts/type1/urw/helvetic/uh
vr8a.pfb>
Output written on thesis.pdf (11 pages, 2221594 bytes).
PDF statistics:
 566 PDF objects out of 1000 (max. 8388607)
 281 compressed objects within 3 object streams
 0 named destinations out of 1000 (max. 500000)
 66 words of extra memory for PDF output out of 10000 (max. 10000000)

